<?xml version="1.0" encoding="UTF-8"?>
<testsuite name="autotests.tests.DuckTestUpdate" tests="2" skipped="0" failures="1" errors="0" timestamp="2025-01-30T15:31:14" hostname="DESKTOP-QAOLIJ0" time="0.101">
  <properties/>
  <testcase name="successfulUpdate[0](null)" classname="autotests.tests.DuckTestUpdate" time="0.048"/>
  <testcase name="successfulUpdate2[0](null)" classname="autotests.tests.DuckTestUpdate" time="0.038">
    <failure message="com.consol.citrus.exceptions.TestCaseFailedException: Failed to validate JSON text:&#13;&#10;{&quot;message&quot;:&quot;Duck with id = 123 is updated&quot;} Values not equal for entry: 'message', expected 'Sound can not be updated' but was 'Duck with id = 123 is updated'" type="com.consol.citrus.exceptions.TestCaseFailedException">com.consol.citrus.exceptions.TestCaseFailedException: Failed to validate JSON text:
{&quot;message&quot;:&quot;Duck with id = 123 is updated&quot;} Values not equal for entry: 'message', expected 'Sound can not be updated' but was 'Duck with id = 123 is updated'
	at app//com.consol.citrus.DefaultTestCase.executeAction(DefaultTestCase.java:143)
	at app//com.consol.citrus.DefaultTestCaseRunner.run(DefaultTestCaseRunner.java:125)
	at app//com.consol.citrus.TestActionRunner.$(TestActionRunner.java:35)
	at app//autotests.clients.DuckClient.validateResponseUpdate(DuckClient.java:153)
	at app//autotests.tests.DuckTestUpdate.successfulUpdate2(DuckTestUpdate.java:45)
	at java.base@11.0.25/jdk.internal.reflect.NativeMethodAccessorImpl.invoke0(Native Method)
	at java.base@11.0.25/jdk.internal.reflect.NativeMethodAccessorImpl.invoke(NativeMethodAccessorImpl.java:62)
	at java.base@11.0.25/jdk.internal.reflect.DelegatingMethodAccessorImpl.invoke(DelegatingMethodAccessorImpl.java:43)
	at java.base@11.0.25/java.lang.reflect.Method.invoke(Method.java:566)
	at app//org.springframework.util.ReflectionUtils.invokeMethod(ReflectionUtils.java:282)
	at app//com.consol.citrus.testng.TestNGHelper.lambda$invokeTestMethod$1(TestNGHelper.java:82)
	at app//com.consol.citrus.common.DefaultTestLoader.lambda$doLoad$1(DefaultTestLoader.java:116)
	at java.base@11.0.25/java.util.ArrayList.forEach(ArrayList.java:1541)
	at app//com.consol.citrus.common.DefaultTestLoader.doLoad(DefaultTestLoader.java:116)
	at app//com.consol.citrus.common.DefaultTestLoader.load(DefaultTestLoader.java:94)
	at app//com.consol.citrus.testng.TestNGHelper.invokeTestMethod(TestNGHelper.java:83)
	at app//com.consol.citrus.testng.spring.TestNGCitrusSpringSupport.run(TestNGCitrusSpringSupport.java:185)
	at app//com.consol.citrus.testng.spring.TestNGCitrusSpringSupport.run(TestNGCitrusSpringSupport.java:101)
	at app//org.testng.internal.invokers.MethodInvocationHelper.invokeHookable(MethodInvocationHelper.java:272)
	at app//org.testng.internal.invokers.TestInvoker.invokeMethod(TestInvoker.java:669)
	at app//org.testng.internal.invokers.TestInvoker.invokeTestMethod(TestInvoker.java:221)
	at app//org.testng.internal.invokers.MethodRunner.runInSequence(MethodRunner.java:50)
	at app//org.testng.internal.invokers.TestInvoker$MethodInvocationAgent.invoke(TestInvoker.java:969)
	at app//org.testng.internal.invokers.TestInvoker.invokeTestMethods(TestInvoker.java:194)
	at app//org.testng.internal.invokers.TestMethodWorker.invokeTestMethods(TestMethodWorker.java:148)
	at app//org.testng.internal.invokers.TestMethodWorker.run(TestMethodWorker.java:128)
	at java.base@11.0.25/java.util.ArrayList.forEach(ArrayList.java:1541)
	at app//org.testng.TestRunner.privateRun(TestRunner.java:829)
	at app//org.testng.TestRunner.run(TestRunner.java:602)
	at app//org.testng.SuiteRunner.runTest(SuiteRunner.java:437)
	at app//org.testng.SuiteRunner.runSequentially(SuiteRunner.java:431)
	at app//org.testng.SuiteRunner.privateRun(SuiteRunner.java:391)
	at app//org.testng.SuiteRunner.run(SuiteRunner.java:330)
	at app//org.testng.SuiteRunnerWorker.runSuite(SuiteRunnerWorker.java:52)
	at app//org.testng.SuiteRunnerWorker.run(SuiteRunnerWorker.java:95)
	at app//org.testng.TestNG.runSuitesSequentially(TestNG.java:1256)
	at app//org.testng.TestNG.runSuitesLocally(TestNG.java:1176)
	at app//org.testng.TestNG.runSuites(TestNG.java:1099)
	at app//org.testng.TestNG.run(TestNG.java:1067)
	at org.gradle.api.internal.tasks.testing.testng.TestNGTestClassProcessor.runTests(TestNGTestClassProcessor.java:153)
	at org.gradle.api.internal.tasks.testing.testng.TestNGTestClassProcessor.stop(TestNGTestClassProcessor.java:96)
	at org.gradle.api.internal.tasks.testing.SuiteTestClassProcessor.stop(SuiteTestClassProcessor.java:62)
	at java.base@11.0.25/jdk.internal.reflect.NativeMethodAccessorImpl.invoke0(Native Method)
	at java.base@11.0.25/jdk.internal.reflect.NativeMethodAccessorImpl.invoke(NativeMethodAccessorImpl.java:62)
	at java.base@11.0.25/jdk.internal.reflect.DelegatingMethodAccessorImpl.invoke(DelegatingMethodAccessorImpl.java:43)
	at java.base@11.0.25/java.lang.reflect.Method.invoke(Method.java:566)
	at org.gradle.internal.dispatch.ReflectionDispatch.dispatch(ReflectionDispatch.java:36)
	at org.gradle.internal.dispatch.ReflectionDispatch.dispatch(ReflectionDispatch.java:24)
	at org.gradle.internal.dispatch.ContextClassLoaderDispatch.dispatch(ContextClassLoaderDispatch.java:33)
	at org.gradle.internal.dispatch.ProxyDispatchAdapter$DispatchingInvocationHandler.invoke(ProxyDispatchAdapter.java:94)
	at com.sun.proxy.$Proxy2.stop(Unknown Source)
	at org.gradle.api.internal.tasks.testing.worker.TestWorker$3.run(TestWorker.java:193)
	at org.gradle.api.internal.tasks.testing.worker.TestWorker.executeAndMaintainThreadName(TestWorker.java:129)
	at org.gradle.api.internal.tasks.testing.worker.TestWorker.execute(TestWorker.java:100)
	at org.gradle.api.internal.tasks.testing.worker.TestWorker.execute(TestWorker.java:60)
	at org.gradle.process.internal.worker.child.ActionExecutionWorker.execute(ActionExecutionWorker.java:56)
	at org.gradle.process.internal.worker.child.SystemApplicationClassLoaderWorker.call(SystemApplicationClassLoaderWorker.java:119)
	at org.gradle.process.internal.worker.child.SystemApplicationClassLoaderWorker.call(SystemApplicationClassLoaderWorker.java:66)
	at app//worker.org.gradle.process.internal.worker.GradleWorkerMain.run(GradleWorkerMain.java:69)
	at app//worker.org.gradle.process.internal.worker.GradleWorkerMain.main(GradleWorkerMain.java:74)
Caused by: com.consol.citrus.exceptions.ValidationException: Failed to validate JSON text:
{&quot;message&quot;:&quot;Duck with id = 123 is updated&quot;} Values not equal for entry: 'message', expected 'Sound can not be updated' but was 'Duck with id = 123 is updated'
	at app//com.consol.citrus.validation.json.JsonTextMessageValidator.validateMessage(JsonTextMessageValidator.java:114)
	at app//com.consol.citrus.validation.json.JsonTextMessageValidator.validateMessage(JsonTextMessageValidator.java:58)
	at app//com.consol.citrus.validation.AbstractMessageValidator.validateMessage(AbstractMessageValidator.java:46)
	at app//com.consol.citrus.actions.ReceiveMessageAction.validateMessage(ReceiveMessageAction.java:279)
	at app//com.consol.citrus.actions.ReceiveMessageAction.doExecute(ReceiveMessageAction.java:168)
	at app//com.consol.citrus.actions.AbstractTestAction.execute(AbstractTestAction.java:59)
	at app//com.consol.citrus.DefaultTestCase.executeAction(DefaultTestCase.java:136)
	... 59 more
Caused by: java.lang.IllegalArgumentException: Values not equal for entry: 'message', expected 'Sound can not be updated' but was 'Duck with id = 123 is updated'
	at org.springframework.util.Assert.isTrue(Assert.java:121)
	at com.consol.citrus.validation.json.JsonTextMessageValidator.validateJson(JsonTextMessageValidator.java:211)
	at com.consol.citrus.validation.json.JsonTextMessageValidator.validateMessage(JsonTextMessageValidator.java:102)
	... 65 more
</failure>
  </testcase>
  <system-out><![CDATA[22:31:14,635 DEBUG   util.TypeConverter| Using type converter 'spring'
22:31:14,635 INFO  port.LoggingReporter| 
22:31:14,635 INFO  port.LoggingReporter| ------------------------------------------------------------------------
22:31:14,635 DEBUG port.LoggingReporter| STARTING TEST DuckTestUpdate.successfulUpdate <autotests.tests>
22:31:14,635 INFO  port.LoggingReporter| 
22:31:14,635 DEBUG trus.DefaultTestCase| Initializing test case
22:31:14,635 DEBUG  context.TestContext| Setting variable: citrus.test.name with value: 'DuckTestUpdate.successfulUpdate'
22:31:14,635 DEBUG  context.TestContext| Setting variable: citrus.test.package with value: 'autotests.tests'
22:31:14,635 DEBUG trus.DefaultTestCase| Initializing test parameter 'arg0' as variable
22:31:14,635 DEBUG  context.TestContext| Setting variable: arg0 with value: 'com.consol.citrus.DefaultTestCaseRunner@1d686622'
22:31:14,635 DEBUG trus.DefaultTestCase| Test variables:
22:31:14,635 DEBUG trus.DefaultTestCase| citrus.test.package = autotests.tests
22:31:14,635 DEBUG trus.DefaultTestCase| arg0 = com.consol.citrus.DefaultTestCaseRunner@1d686622
22:31:14,635 DEBUG trus.DefaultTestCase| citrus.test.name = DuckTestUpdate.successfulUpdate
22:31:14,635 DEBUG  context.TestContext| Setting variable: duckId with value: '123'
22:31:14,635 INFO  port.LoggingReporter| 
22:31:14,635 DEBUG port.LoggingReporter| TEST STEP 0: sql
22:31:14,635 DEBUG ons.ExecuteSQLAction| Executing SQL statement: insert into DUCK (id, color, height, material, sound, wings_state)
values (123, 'yellow', 150.0, 'rubber', 'quack','ACTIVE')
22:31:14,635 INFO  ons.ExecuteSQLAction| SQL statement execution successful
22:31:14,635 INFO  port.LoggingReporter| 
22:31:14,635 DEBUG port.LoggingReporter| TEST STEP 0 SUCCESS
22:31:14,635 INFO  port.LoggingReporter| 
22:31:14,635 DEBUG port.LoggingReporter| TEST STEP 0: send
22:31:14,635 DEBUG ltCorrelationManager| Saving correlation key for 'citrus_message_correlator_yellowDuckService'
22:31:14,635 DEBUG  context.TestContext| Setting variable: citrus_message_correlator_yellowDuckService with value: 'citrus_message_id = 'f7c8782f-cae9-432e-9dc4-592a4ec44e98''
22:31:14,635 DEBUG  context.TestContext| Setting variable: citrus_message_replyTo_citrus_message_correlator_yellowDuckService with value: 'http://localhost:2222/api/duck/update?color=black&material=rubber&wingsState=ACTIVE&sound=quack&id=123&height=1'
22:31:14,635 INFO     client.HttpClient| Sending HTTP message to: 'http://localhost:2222/api/duck/update?color=black&material=rubber&wingsState=ACTIVE&sound=quack&id=123&height=1'
22:31:14,635 DEBUG    client.HttpClient| Message to send:

22:31:14,635 DEBUG ingClientInterceptor| Sending Http request message
22:31:14,635 DEBUG   util.TypeConverter| Using type converter 'spring'
22:31:14,651 DEBUG ingClientInterceptor| Received Http response message
22:31:14,651 DEBUG   util.TypeConverter| Using type converter 'spring'
22:31:14,651 INFO     client.HttpClient| HTTP message was sent to endpoint: 'http://localhost:2222/api/duck/update?color=black&material=rubber&wingsState=ACTIVE&sound=quack&id=123&height=1'
22:31:14,651 DEBUG ltCorrelationManager| Saving correlated object for 'citrus_message_id = 'f7c8782f-cae9-432e-9dc4-592a4ec44e98''
22:31:14,651 INFO  port.LoggingReporter| 
22:31:14,667 DEBUG port.LoggingReporter| TEST STEP 0 SUCCESS
22:31:14,667 INFO  port.LoggingReporter| 
22:31:14,667 DEBUG port.LoggingReporter| TEST STEP 0: receive
22:31:14,667 DEBUG ngCorrelationManager| Get correlation key for 'citrus_message_correlator_yellowDuckService'
22:31:14,667 DEBUG ltCorrelationManager| Finding correlated object for 'citrus_message_id = 'f7c8782f-cae9-432e-9dc4-592a4ec44e98''
22:31:14,667 DEBUG ReceiveMessageAction| Received message:
HTTPMESSAGE [id: b957c2a0-af18-475d-abb9-7ade641ebc39, payload: {
  "message": "Duck with id = 123 is updated"
}][headers: {Transfer-Encoding=chunked, Connection=keep-alive, contentType=application/json, Date=1738251073000, citrus_message_id=b957c2a0-af18-475d-abb9-7ade641ebc39, citrus_message_timestamp=1738251074651, Keep-Alive=timeout=60, Content-Type=application/json, citrus_http_status_code=200, citrus_http_reason_phrase=OK, citrus_http_version=HTTP/1.1}]
22:31:14,667 DEBUG ReceiveMessageAction| Control message:
HTTPMESSAGE [id: ab5671a1-6e8f-403d-af82-9e6c686412de, payload: {

  "message": "Duck with id = 123 is updated"
}][headers: {citrus_message_id=ab5671a1-6e8f-403d-af82-9e6c686412de, citrus_message_timestamp=1738251074667, citrus_http_reason_phrase=OK, citrus_http_status_code=200, Content-Type=application/json, citrus_message_type=XML}]
22:31:14,667 DEBUG ageValidatorRegistry| Found 3 message validators for message
22:31:14,667 DEBUG ssageHeaderValidator| Start message header validation ...
22:31:14,667 DEBUG faultHeaderValidator| Validating header element: citrus_http_reason_phrase='OK': OK.
22:31:14,667 DEBUG faultHeaderValidator| Validating header element: citrus_http_status_code='200': OK.
22:31:14,667 DEBUG faultHeaderValidator| Validating header element: Content-Type='application/json': OK.
22:31:14,667 INFO  ssageHeaderValidator| Message header validation successful: All values OK
22:31:14,667 DEBUG TextMessageValidator| Start JSON message validation ...
22:31:14,667 DEBUG JsonSchemaValidation| Starting Json schema validation ...
22:31:14,667 INFO  JsonSchemaValidation| Json schema validation successful: All values OK
22:31:14,667 DEBUG TextMessageValidator| Validation successful for JSON entry 'message' (Duck with id = 123 is updated)
22:31:14,667 INFO  TextMessageValidator| JSON message validation successful: All values OK
22:31:14,667 INFO  port.LoggingReporter| 
22:31:14,667 DEBUG port.LoggingReporter| TEST STEP 0 SUCCESS
22:31:14,667 INFO  port.LoggingReporter| 
22:31:14,667 DEBUG port.LoggingReporter| TEST STEP 0: sql-query
22:31:14,667 DEBUG xecuteSQLQueryAction| Executing SQL query: SELECT * FROM DUCK WHERE ID=123
22:31:14,667 INFO  xecuteSQLQueryAction| SQL query execution successful
22:31:14,667 DEBUG xecuteSQLQueryAction| Validation successful for column: 'COLOR' expected value: black - value OK
22:31:14,667 DEBUG xecuteSQLQueryAction| Validation successful for column: 'SOUND' expected value: quack - value OK
22:31:14,667 DEBUG xecuteSQLQueryAction| Validation successful for column: 'WINGS_STATE' expected value: ACTIVE - value OK
22:31:14,667 DEBUG xecuteSQLQueryAction| Validation successful for column: 'HEIGHT' expected value: 1.0 - value OK
22:31:14,667 DEBUG xecuteSQLQueryAction| Validation successful for column: 'MATERIAL' expected value: rubber - value OK
22:31:14,667 INFO  xecuteSQLQueryAction| SQL query validation successful: All values OK
22:31:14,667 DEBUG  context.TestContext| Setting variable: COLOR with value: 'black'
22:31:14,667 DEBUG  context.TestContext| Setting variable: SOUND with value: 'quack'
22:31:14,667 DEBUG  context.TestContext| Setting variable: ID with value: '123'
22:31:14,667 DEBUG  context.TestContext| Setting variable: WINGS_STATE with value: 'ACTIVE'
22:31:14,667 DEBUG  context.TestContext| Setting variable: HEIGHT with value: '1.0'
22:31:14,667 DEBUG  context.TestContext| Setting variable: MATERIAL with value: 'rubber'
22:31:14,667 INFO  port.LoggingReporter| 
22:31:14,667 DEBUG port.LoggingReporter| TEST STEP 0 SUCCESS
22:31:14,667 DEBUG trus.DefaultTestCase| Entering finally block in test case
22:31:14,667 INFO  port.LoggingReporter| 
22:31:14,667 DEBUG port.LoggingReporter| TEST STEP 0: DuckTestUpdate$$Lambda$667/0x000000084052f040
22:31:14,667 INFO  port.LoggingReporter| 
22:31:14,667 DEBUG port.LoggingReporter| TEST STEP 0: sql
22:31:14,667 DEBUG ons.ExecuteSQLAction| Executing SQL statement: DELETE FROM DUCK WHERE ID=123
22:31:14,667 INFO  ons.ExecuteSQLAction| SQL statement execution successful
22:31:14,667 INFO  port.LoggingReporter| 
22:31:14,667 DEBUG port.LoggingReporter| TEST STEP 0 SUCCESS
22:31:14,667 INFO  port.LoggingReporter| 
22:31:14,667 DEBUG port.LoggingReporter| TEST STEP 0 SUCCESS
22:31:14,667 INFO  port.LoggingReporter| 
22:31:14,667 INFO  port.LoggingReporter| TEST SUCCESS DuckTestUpdate.successfulUpdate (autotests.tests)
22:31:14,667 INFO  port.LoggingReporter| ------------------------------------------------------------------------
22:31:14,667 INFO  port.LoggingReporter| 
22:31:14,698 DEBUG   util.TypeConverter| Using type converter 'spring'
22:31:14,705 INFO  port.LoggingReporter| 
22:31:14,705 INFO  port.LoggingReporter| ------------------------------------------------------------------------
22:31:14,705 DEBUG port.LoggingReporter| STARTING TEST DuckTestUpdate.successfulUpdate2 <autotests.tests>
22:31:14,705 INFO  port.LoggingReporter| 
22:31:14,705 DEBUG trus.DefaultTestCase| Initializing test case
22:31:14,705 DEBUG  context.TestContext| Setting variable: citrus.test.name with value: 'DuckTestUpdate.successfulUpdate2'
22:31:14,705 DEBUG  context.TestContext| Setting variable: citrus.test.package with value: 'autotests.tests'
22:31:14,705 DEBUG trus.DefaultTestCase| Initializing test parameter 'arg0' as variable
22:31:14,705 DEBUG  context.TestContext| Setting variable: arg0 with value: 'com.consol.citrus.DefaultTestCaseRunner@70940cb8'
22:31:14,705 DEBUG trus.DefaultTestCase| Test variables:
22:31:14,705 DEBUG trus.DefaultTestCase| citrus.test.package = autotests.tests
22:31:14,705 DEBUG trus.DefaultTestCase| arg0 = com.consol.citrus.DefaultTestCaseRunner@70940cb8
22:31:14,705 DEBUG trus.DefaultTestCase| citrus.test.name = DuckTestUpdate.successfulUpdate2
22:31:14,705 DEBUG  context.TestContext| Setting variable: duckId with value: '123'
22:31:14,705 INFO  port.LoggingReporter| 
22:31:14,705 DEBUG port.LoggingReporter| TEST STEP 0: sql
22:31:14,705 DEBUG ons.ExecuteSQLAction| Executing SQL statement: insert into DUCK (id, color, height, material, sound, wings_state)
values (123, 'yellow', 1.0, 'rubber', 'quack','ACTIVE')
22:31:14,705 INFO  ons.ExecuteSQLAction| SQL statement execution successful
22:31:14,705 INFO  port.LoggingReporter| 
22:31:14,705 DEBUG port.LoggingReporter| TEST STEP 0 SUCCESS
22:31:14,705 INFO  port.LoggingReporter| 
22:31:14,705 DEBUG port.LoggingReporter| TEST STEP 0: send
22:31:14,705 DEBUG ltCorrelationManager| Saving correlation key for 'citrus_message_correlator_yellowDuckService'
22:31:14,705 DEBUG  context.TestContext| Setting variable: citrus_message_correlator_yellowDuckService with value: 'citrus_message_id = '55ce71cc-b655-4927-80fb-623b2390ddc3''
22:31:14,705 DEBUG  context.TestContext| Setting variable: citrus_message_replyTo_citrus_message_correlator_yellowDuckService with value: 'http://localhost:2222/api/duck/update?color=black&material=rubber&wingsState=ACTIVE&sound=moo&id=123&height=0.15'
22:31:14,705 INFO     client.HttpClient| Sending HTTP message to: 'http://localhost:2222/api/duck/update?color=black&material=rubber&wingsState=ACTIVE&sound=moo&id=123&height=0.15'
22:31:14,705 DEBUG    client.HttpClient| Message to send:

22:31:14,705 DEBUG ingClientInterceptor| Sending Http request message
22:31:14,705 DEBUG   util.TypeConverter| Using type converter 'spring'
22:31:14,720 DEBUG ingClientInterceptor| Received Http response message
22:31:14,720 DEBUG   util.TypeConverter| Using type converter 'spring'
22:31:14,720 INFO     client.HttpClient| HTTP message was sent to endpoint: 'http://localhost:2222/api/duck/update?color=black&material=rubber&wingsState=ACTIVE&sound=moo&id=123&height=0.15'
22:31:14,720 DEBUG ltCorrelationManager| Saving correlated object for 'citrus_message_id = '55ce71cc-b655-4927-80fb-623b2390ddc3''
22:31:14,720 INFO  port.LoggingReporter| 
22:31:14,720 DEBUG port.LoggingReporter| TEST STEP 0 SUCCESS
22:31:14,720 INFO  port.LoggingReporter| 
22:31:14,720 DEBUG port.LoggingReporter| TEST STEP 0: receive
22:31:14,720 DEBUG ngCorrelationManager| Get correlation key for 'citrus_message_correlator_yellowDuckService'
22:31:14,720 DEBUG ltCorrelationManager| Finding correlated object for 'citrus_message_id = '55ce71cc-b655-4927-80fb-623b2390ddc3''
22:31:14,720 DEBUG ReceiveMessageAction| Received message:
HTTPMESSAGE [id: 3f126f84-893c-42ec-8881-8e4d9bbccd15, payload: {
  "message": "Duck with id = 123 is updated"
}][headers: {Transfer-Encoding=chunked, Connection=keep-alive, contentType=application/json, Date=1738251073000, citrus_message_id=3f126f84-893c-42ec-8881-8e4d9bbccd15, citrus_message_timestamp=1738251074720, Keep-Alive=timeout=60, Content-Type=application/json, citrus_http_status_code=200, citrus_http_reason_phrase=OK, citrus_http_version=HTTP/1.1}]
22:31:14,720 DEBUG ReceiveMessageAction| Control message:
HTTPMESSAGE [id: 9cf95a30-83c2-4634-b7b6-b457d2507362, payload: {

  "message": "Sound can not be updated"
}][headers: {citrus_message_id=9cf95a30-83c2-4634-b7b6-b457d2507362, citrus_message_timestamp=1738251074720, citrus_http_reason_phrase=OK, citrus_http_status_code=200, Content-Type=application/json, citrus_message_type=XML}]
22:31:14,720 DEBUG ageValidatorRegistry| Found 3 message validators for message
22:31:14,720 DEBUG ssageHeaderValidator| Start message header validation ...
22:31:14,720 DEBUG faultHeaderValidator| Validating header element: citrus_http_reason_phrase='OK': OK.
22:31:14,720 DEBUG faultHeaderValidator| Validating header element: citrus_http_status_code='200': OK.
22:31:14,720 DEBUG faultHeaderValidator| Validating header element: Content-Type='application/json': OK.
22:31:14,720 INFO  ssageHeaderValidator| Message header validation successful: All values OK
22:31:14,720 DEBUG TextMessageValidator| Start JSON message validation ...
22:31:14,720 DEBUG JsonSchemaValidation| Starting Json schema validation ...
22:31:14,720 INFO  JsonSchemaValidation| Json schema validation successful: All values OK
22:31:14,720 DEBUG trus.DefaultTestCase| Entering finally block in test case
22:31:14,720 INFO  port.LoggingReporter| 
22:31:14,720 DEBUG port.LoggingReporter| TEST STEP 0: DuckTestUpdate$$Lambda$668/0x000000084052f440
22:31:14,720 INFO  port.LoggingReporter| 
22:31:14,720 DEBUG port.LoggingReporter| TEST STEP 0: sql
22:31:14,720 DEBUG ons.ExecuteSQLAction| Executing SQL statement: DELETE FROM DUCK WHERE ID=123
22:31:14,720 INFO  ons.ExecuteSQLAction| SQL statement execution successful
22:31:14,720 INFO  port.LoggingReporter| 
22:31:14,720 DEBUG port.LoggingReporter| TEST STEP 0 SUCCESS
22:31:14,720 INFO  port.LoggingReporter| 
22:31:14,720 DEBUG port.LoggingReporter| TEST STEP 0 SUCCESS
22:31:14,720 INFO  port.LoggingReporter| 
22:31:14,720 ERROR port.LoggingReporter| TEST FAILED DuckTestUpdate.successfulUpdate2 <autotests.tests> Nested exception is: 
com.consol.citrus.exceptions.ValidationException: Failed to validate JSON text:
{"message":"Duck with id = 123 is updated"} Values not equal for entry: 'message', expected 'Sound can not be updated' but was 'Duck with id = 123 is updated'
	at com.consol.citrus.validation.json.JsonTextMessageValidator.validateMessage(JsonTextMessageValidator.java:114)
	at com.consol.citrus.validation.json.JsonTextMessageValidator.validateMessage(JsonTextMessageValidator.java:58)
	at com.consol.citrus.validation.AbstractMessageValidator.validateMessage(AbstractMessageValidator.java:46)
	at com.consol.citrus.actions.ReceiveMessageAction.validateMessage(ReceiveMessageAction.java:279)
	at com.consol.citrus.actions.ReceiveMessageAction.doExecute(ReceiveMessageAction.java:168)
	at com.consol.citrus.actions.AbstractTestAction.execute(AbstractTestAction.java:59)
	at com.consol.citrus.DefaultTestCase.executeAction(DefaultTestCase.java:136)
	at com.consol.citrus.DefaultTestCaseRunner.run(DefaultTestCaseRunner.java:125)
	at com.consol.citrus.TestActionRunner.$(TestActionRunner.java:35)
	at autotests.clients.DuckClient.validateResponseUpdate(DuckClient.java:153)
	at autotests.tests.DuckTestUpdate.successfulUpdate2(DuckTestUpdate.java:45)
	at java.base/jdk.internal.reflect.NativeMethodAccessorImpl.invoke0(Native Method)
	at java.base/jdk.internal.reflect.NativeMethodAccessorImpl.invoke(NativeMethodAccessorImpl.java:62)
	at java.base/jdk.internal.reflect.DelegatingMethodAccessorImpl.invoke(DelegatingMethodAccessorImpl.java:43)
	at java.base/java.lang.reflect.Method.invoke(Method.java:566)
	at org.springframework.util.ReflectionUtils.invokeMethod(ReflectionUtils.java:282)
	at com.consol.citrus.testng.TestNGHelper.lambda$invokeTestMethod$1(TestNGHelper.java:82)
	at com.consol.citrus.common.DefaultTestLoader.lambda$doLoad$1(DefaultTestLoader.java:116)
	at java.base/java.util.ArrayList.forEach(ArrayList.java:1541)
	at com.consol.citrus.common.DefaultTestLoader.doLoad(DefaultTestLoader.java:116)
	at com.consol.citrus.common.DefaultTestLoader.load(DefaultTestLoader.java:94)
	at com.consol.citrus.testng.TestNGHelper.invokeTestMethod(TestNGHelper.java:83)
	at com.consol.citrus.testng.spring.TestNGCitrusSpringSupport.run(TestNGCitrusSpringSupport.java:185)
	at com.consol.citrus.testng.spring.TestNGCitrusSpringSupport.run(TestNGCitrusSpringSupport.java:101)
	at org.testng.internal.invokers.MethodInvocationHelper.invokeHookable(MethodInvocationHelper.java:272)
	at org.testng.internal.invokers.TestInvoker.invokeMethod(TestInvoker.java:669)
	at org.testng.internal.invokers.TestInvoker.invokeTestMethod(TestInvoker.java:221)
	at org.testng.internal.invokers.MethodRunner.runInSequence(MethodRunner.java:50)
	at org.testng.internal.invokers.TestInvoker$MethodInvocationAgent.invoke(TestInvoker.java:969)
	at org.testng.internal.invokers.TestInvoker.invokeTestMethods(TestInvoker.java:194)
	at org.testng.internal.invokers.TestMethodWorker.invokeTestMethods(TestMethodWorker.java:148)
	at org.testng.internal.invokers.TestMethodWorker.run(TestMethodWorker.java:128)
	at java.base/java.util.ArrayList.forEach(ArrayList.java:1541)
	at org.testng.TestRunner.privateRun(TestRunner.java:829)
	at org.testng.TestRunner.run(TestRunner.java:602)
	at org.testng.SuiteRunner.runTest(SuiteRunner.java:437)
	at org.testng.SuiteRunner.runSequentially(SuiteRunner.java:431)
	at org.testng.SuiteRunner.privateRun(SuiteRunner.java:391)
	at org.testng.SuiteRunner.run(SuiteRunner.java:330)
	at org.testng.SuiteRunnerWorker.runSuite(SuiteRunnerWorker.java:52)
	at org.testng.SuiteRunnerWorker.run(SuiteRunnerWorker.java:95)
	at org.testng.TestNG.runSuitesSequentially(TestNG.java:1256)
	at org.testng.TestNG.runSuitesLocally(TestNG.java:1176)
	at org.testng.TestNG.runSuites(TestNG.java:1099)
	at org.testng.TestNG.run(TestNG.java:1067)
	at org.gradle.api.internal.tasks.testing.testng.TestNGTestClassProcessor.runTests(TestNGTestClassProcessor.java:153)
	at org.gradle.api.internal.tasks.testing.testng.TestNGTestClassProcessor.stop(TestNGTestClassProcessor.java:96)
	at org.gradle.api.internal.tasks.testing.SuiteTestClassProcessor.stop(SuiteTestClassProcessor.java:62)
	at java.base/jdk.internal.reflect.NativeMethodAccessorImpl.invoke0(Native Method)
	at java.base/jdk.internal.reflect.NativeMethodAccessorImpl.invoke(NativeMethodAccessorImpl.java:62)
	at java.base/jdk.internal.reflect.DelegatingMethodAccessorImpl.invoke(DelegatingMethodAccessorImpl.java:43)
	at java.base/java.lang.reflect.Method.invoke(Method.java:566)
	at org.gradle.internal.dispatch.ReflectionDispatch.dispatch(ReflectionDispatch.java:36)
	at org.gradle.internal.dispatch.ReflectionDispatch.dispatch(ReflectionDispatch.java:24)
	at org.gradle.internal.dispatch.ContextClassLoaderDispatch.dispatch(ContextClassLoaderDispatch.java:33)
	at org.gradle.internal.dispatch.ProxyDispatchAdapter$DispatchingInvocationHandler.invoke(ProxyDispatchAdapter.java:94)
	at com.sun.proxy.$Proxy2.stop(Unknown Source)
	at org.gradle.api.internal.tasks.testing.worker.TestWorker$3.run(TestWorker.java:193)
	at org.gradle.api.internal.tasks.testing.worker.TestWorker.executeAndMaintainThreadName(TestWorker.java:129)
	at org.gradle.api.internal.tasks.testing.worker.TestWorker.execute(TestWorker.java:100)
	at org.gradle.api.internal.tasks.testing.worker.TestWorker.execute(TestWorker.java:60)
	at org.gradle.process.internal.worker.child.ActionExecutionWorker.execute(ActionExecutionWorker.java:56)
	at org.gradle.process.internal.worker.child.SystemApplicationClassLoaderWorker.call(SystemApplicationClassLoaderWorker.java:119)
	at org.gradle.process.internal.worker.child.SystemApplicationClassLoaderWorker.call(SystemApplicationClassLoaderWorker.java:66)
	at worker.org.gradle.process.internal.worker.GradleWorkerMain.run(GradleWorkerMain.java:69)
	at worker.org.gradle.process.internal.worker.GradleWorkerMain.main(GradleWorkerMain.java:74)
Caused by: java.lang.IllegalArgumentException: Values not equal for entry: 'message', expected 'Sound can not be updated' but was 'Duck with id = 123 is updated'
	at org.springframework.util.Assert.isTrue(Assert.java:121)
	at com.consol.citrus.validation.json.JsonTextMessageValidator.validateJson(JsonTextMessageValidator.java:211)
	at com.consol.citrus.validation.json.JsonTextMessageValidator.validateMessage(JsonTextMessageValidator.java:102)
	... 65 more
22:31:14,720 INFO  port.LoggingReporter| ------------------------------------------------------------------------
22:31:14,720 INFO  port.LoggingReporter| 
]]></system-out>
  <system-err><![CDATA[]]></system-err>
</testsuite>
