<?xml version="1.0" encoding="UTF-8"?>
<testsuite name="autotests.tests.DuckTestDelete" tests="1" skipped="0" failures="0" errors="0" timestamp="2025-01-30T15:31:14" hostname="DESKTOP-QAOLIJ0" time="0.061">
  <properties/>
  <testcase name="successfulFly[0](null)" classname="autotests.tests.DuckTestDelete" time="0.061"/>
  <system-out><![CDATA[22:31:14,544 DEBUG   util.TypeConverter| Using type converter 'spring'
22:31:14,544 INFO  port.LoggingReporter| 
22:31:14,544 INFO  port.LoggingReporter| ------------------------------------------------------------------------
22:31:14,544 DEBUG port.LoggingReporter| STARTING TEST DuckTestDelete.successfulFly <autotests.tests>
22:31:14,544 INFO  port.LoggingReporter| 
22:31:14,544 DEBUG trus.DefaultTestCase| Initializing test case
22:31:14,544 DEBUG  context.TestContext| Setting variable: citrus.test.name with value: 'DuckTestDelete.successfulFly'
22:31:14,544 DEBUG  context.TestContext| Setting variable: citrus.test.package with value: 'autotests.tests'
22:31:14,560 DEBUG trus.DefaultTestCase| Initializing test parameter 'arg0' as variable
22:31:14,560 DEBUG  context.TestContext| Setting variable: arg0 with value: 'com.consol.citrus.DefaultTestCaseRunner@6e96f3cd'
22:31:14,560 DEBUG trus.DefaultTestCase| Test variables:
22:31:14,560 DEBUG trus.DefaultTestCase| citrus.test.package = autotests.tests
22:31:14,560 DEBUG trus.DefaultTestCase| arg0 = com.consol.citrus.DefaultTestCaseRunner@6e96f3cd
22:31:14,560 DEBUG trus.DefaultTestCase| citrus.test.name = DuckTestDelete.successfulFly
22:31:14,560 DEBUG  context.TestContext| Setting variable: duckId with value: '126'
22:31:14,560 INFO  port.LoggingReporter| 
22:31:14,560 DEBUG port.LoggingReporter| TEST STEP 0: sql
22:31:14,560 DEBUG ons.ExecuteSQLAction| Executing SQL statement: insert into DUCK (id, color, height, material, sound, wings_state)
values (126, 'yellow', 1.0, 'rubber', 'quack','UNDEFINED')
22:31:14,560 INFO  ons.ExecuteSQLAction| SQL statement execution successful
22:31:14,560 INFO  port.LoggingReporter| 
22:31:14,560 DEBUG port.LoggingReporter| TEST STEP 0 SUCCESS
22:31:14,560 INFO  port.LoggingReporter| 
22:31:14,560 DEBUG port.LoggingReporter| TEST STEP 0: send
22:31:14,560 DEBUG ltCorrelationManager| Saving correlation key for 'citrus_message_correlator_yellowDuckService'
22:31:14,560 DEBUG  context.TestContext| Setting variable: citrus_message_correlator_yellowDuckService with value: 'citrus_message_id = '6c85d6aa-3a10-4fce-b4a7-f67b8161238a''
22:31:14,560 DEBUG  context.TestContext| Setting variable: citrus_message_replyTo_citrus_message_correlator_yellowDuckService with value: 'http://localhost:2222/api/duck/delete?id=126'
22:31:14,560 INFO     client.HttpClient| Sending HTTP message to: 'http://localhost:2222/api/duck/delete?id=126'
22:31:14,560 DEBUG    client.HttpClient| Message to send:

22:31:14,560 DEBUG ingClientInterceptor| Sending Http request message
22:31:14,560 DEBUG   util.TypeConverter| Using type converter 'spring'
22:31:14,574 DEBUG ingClientInterceptor| Received Http response message
22:31:14,574 DEBUG   util.TypeConverter| Using type converter 'spring'
22:31:14,574 INFO     client.HttpClient| HTTP message was sent to endpoint: 'http://localhost:2222/api/duck/delete?id=126'
22:31:14,574 DEBUG ltCorrelationManager| Saving correlated object for 'citrus_message_id = '6c85d6aa-3a10-4fce-b4a7-f67b8161238a''
22:31:14,574 INFO  port.LoggingReporter| 
22:31:14,574 DEBUG port.LoggingReporter| TEST STEP 0 SUCCESS
22:31:14,574 DEBUG       util.FileUtils| Reading file resource: 'successfulDelete.json' (encoding is 'UTF-8')
22:31:14,574 INFO  port.LoggingReporter| 
22:31:14,574 DEBUG port.LoggingReporter| TEST STEP 0: receive
22:31:14,574 DEBUG ngCorrelationManager| Get correlation key for 'citrus_message_correlator_yellowDuckService'
22:31:14,574 DEBUG ltCorrelationManager| Finding correlated object for 'citrus_message_id = '6c85d6aa-3a10-4fce-b4a7-f67b8161238a''
22:31:14,574 DEBUG ReceiveMessageAction| Received message:
HTTPMESSAGE [id: e158e5fa-7c16-4f0f-9735-f1a79cb2b352, payload: {
  "message": "Duck is deleted"
}][headers: {Transfer-Encoding=chunked, Connection=keep-alive, contentType=application/json, Date=1738251073000, citrus_message_id=e158e5fa-7c16-4f0f-9735-f1a79cb2b352, citrus_message_timestamp=1738251074574, Keep-Alive=timeout=60, Content-Type=application/json, citrus_http_status_code=200, citrus_http_reason_phrase=OK, citrus_http_version=HTTP/1.1}]
22:31:14,574 DEBUG ReceiveMessageAction| Control message:
HTTPMESSAGE [id: 366203eb-a994-456f-932c-25f0c9b29e26, payload: {

  "message": "Duck is deleted"
}][headers: {citrus_message_id=366203eb-a994-456f-932c-25f0c9b29e26, citrus_message_timestamp=1738251074574, citrus_http_reason_phrase=OK, citrus_http_status_code=200, Content-Type=application/json, citrus_message_type=XML}]
22:31:14,574 DEBUG ageValidatorRegistry| Found 3 message validators for message
22:31:14,574 DEBUG ssageHeaderValidator| Start message header validation ...
22:31:14,574 DEBUG faultHeaderValidator| Validating header element: citrus_http_reason_phrase='OK': OK.
22:31:14,574 DEBUG faultHeaderValidator| Validating header element: citrus_http_status_code='200': OK.
22:31:14,574 DEBUG faultHeaderValidator| Validating header element: Content-Type='application/json': OK.
22:31:14,574 INFO  ssageHeaderValidator| Message header validation successful: All values OK
22:31:14,574 DEBUG TextMessageValidator| Start JSON message validation ...
22:31:14,574 DEBUG JsonSchemaValidation| Starting Json schema validation ...
22:31:14,574 INFO  JsonSchemaValidation| Json schema validation successful: All values OK
22:31:14,574 DEBUG TextMessageValidator| Validation successful for JSON entry 'message' (Duck is deleted)
22:31:14,574 INFO  TextMessageValidator| JSON message validation successful: All values OK
22:31:14,574 INFO  port.LoggingReporter| 
22:31:14,574 DEBUG port.LoggingReporter| TEST STEP 0 SUCCESS
22:31:14,574 INFO  port.LoggingReporter| 
22:31:14,574 DEBUG port.LoggingReporter| TEST STEP 0: send
22:31:14,574 DEBUG ltCorrelationManager| Saving correlation key for 'citrus_message_correlator_yellowDuckService'
22:31:14,574 DEBUG  context.TestContext| Setting variable: citrus_message_correlator_yellowDuckService with value: 'citrus_message_id = '1cbb2dbe-5b84-478c-b60a-475638e01010''
22:31:14,574 DEBUG  context.TestContext| Setting variable: citrus_message_replyTo_citrus_message_correlator_yellowDuckService with value: 'http://localhost:2222/api/duck/getAllIds'
22:31:14,574 INFO     client.HttpClient| Sending HTTP message to: 'http://localhost:2222/api/duck/getAllIds'
22:31:14,574 DEBUG    client.HttpClient| Message to send:

22:31:14,590 DEBUG ingClientInterceptor| Sending Http request message
22:31:14,590 DEBUG   util.TypeConverter| Using type converter 'spring'
22:31:14,590 DEBUG ingClientInterceptor| Received Http response message
22:31:14,590 DEBUG   util.TypeConverter| Using type converter 'spring'
22:31:14,590 INFO     client.HttpClient| HTTP message was sent to endpoint: 'http://localhost:2222/api/duck/getAllIds'
22:31:14,590 DEBUG ltCorrelationManager| Saving correlated object for 'citrus_message_id = '1cbb2dbe-5b84-478c-b60a-475638e01010''
22:31:14,590 INFO  port.LoggingReporter| 
22:31:14,590 DEBUG port.LoggingReporter| TEST STEP 0 SUCCESS
22:31:14,590 DEBUG       util.FileUtils| Reading file resource: 'successfulDeleteDB.json' (encoding is 'UTF-8')
22:31:14,590 INFO  port.LoggingReporter| 
22:31:14,590 DEBUG port.LoggingReporter| TEST STEP 0: receive
22:31:14,590 DEBUG ngCorrelationManager| Get correlation key for 'citrus_message_correlator_yellowDuckService'
22:31:14,590 DEBUG ltCorrelationManager| Finding correlated object for 'citrus_message_id = '1cbb2dbe-5b84-478c-b60a-475638e01010''
22:31:14,605 DEBUG ReceiveMessageAction| Received message:
HTTPMESSAGE [id: 5bee7322-5fef-4247-9e1a-5ad35e6fa857, payload: []][headers: {Transfer-Encoding=chunked, Connection=keep-alive, contentType=application/json, Date=1738251073000, citrus_message_id=5bee7322-5fef-4247-9e1a-5ad35e6fa857, citrus_message_timestamp=1738251074590, Keep-Alive=timeout=60, Content-Type=application/json, citrus_http_status_code=200, citrus_http_reason_phrase=OK, citrus_http_version=HTTP/1.1}]
22:31:14,605 DEBUG ReceiveMessageAction| Control message:
HTTPMESSAGE [id: 0ac81b3b-2bf1-4026-b670-72506cf9eafd, payload: []][headers: {citrus_message_id=0ac81b3b-2bf1-4026-b670-72506cf9eafd, citrus_message_timestamp=1738251074590, citrus_http_reason_phrase=OK, citrus_http_status_code=200, Content-Type=application/json, citrus_message_type=XML}]
22:31:14,605 DEBUG ageValidatorRegistry| Found 3 message validators for message
22:31:14,605 DEBUG ssageHeaderValidator| Start message header validation ...
22:31:14,605 DEBUG faultHeaderValidator| Validating header element: citrus_http_reason_phrase='OK': OK.
22:31:14,605 DEBUG faultHeaderValidator| Validating header element: citrus_http_status_code='200': OK.
22:31:14,605 DEBUG faultHeaderValidator| Validating header element: Content-Type='application/json': OK.
22:31:14,605 INFO  ssageHeaderValidator| Message header validation successful: All values OK
22:31:14,605 DEBUG TextMessageValidator| Start JSON message validation ...
22:31:14,605 DEBUG JsonSchemaValidation| Starting Json schema validation ...
22:31:14,605 INFO  JsonSchemaValidation| Json schema validation successful: All values OK
22:31:14,605 DEBUG TextMessageValidator| Validating JSONArray containing 0 entries
22:31:14,605 DEBUG TextMessageValidator| Validation successful for JSON entry 'array' ([])
22:31:14,605 INFO  TextMessageValidator| JSON message validation successful: All values OK
22:31:14,605 INFO  port.LoggingReporter| 
22:31:14,605 DEBUG port.LoggingReporter| TEST STEP 0 SUCCESS
22:31:14,605 INFO  port.LoggingReporter| 
22:31:14,605 INFO  port.LoggingReporter| TEST SUCCESS DuckTestDelete.successfulFly (autotests.tests)
22:31:14,605 INFO  port.LoggingReporter| ------------------------------------------------------------------------
22:31:14,605 INFO  port.LoggingReporter| 
]]></system-out>
  <system-err><![CDATA[]]></system-err>
</testsuite>
